# JRE version: Java(TM) SE Runtime Environment (8.0_241-b07) (build 1.8.0_241-b07)
# Java VM: Java HotSpot(TM) 64-Bit Server VM (25.241-b07 mixed mode windows-amd64 compressed oops)
Heap:
 PSYoungGen      total 322048K, used 25052K [0x00000000d5980000, 0x00000000eb380000, 0x0000000100000000)
  eden space 303616K, 8% used [0x00000000d5980000,0x00000000d71f72a8,0x00000000e8200000)
  from space 18432K, 0% used [0x00000000e8f80000,0x00000000e8f80000,0x00000000ea180000)
  to   space 14848K, 0% used [0x00000000ea500000,0x00000000ea500000,0x00000000eb380000)
 ParOldGen       total 70656K, used 24089K [0x0000000080c00000, 0x0000000085100000, 0x00000000d5980000)
  object space 70656K, 34% used [0x0000000080c00000,0x00000000823867f0,0x0000000085100000)
 Metaspace       used 52842K, capacity 56298K, committed 56448K, reserved 1099776K
  class space    used 7609K, capacity 8222K, committed 8320K, reserved 1048576K
GC Heap History (10 events):
Event: 9.870 GC heap before
{Heap before GC invocations=10 (full 1):
 PSYoungGen      total 236544K, used 49381K [0x00000000d5980000, 0x00000000e4e80000, 0x0000000100000000)
  eden space 223232K, 17% used [0x00000000d5980000,0x00000000d7faa7c0,0x00000000e3380000)
  from space 13312K, 77% used [0x00000000e4180000,0x00000000e4b8ee70,0x00000000e4e80000)
  to   space 13824K, 0% used [0x00000000e3380000,0x00000000e3380000,0x00000000e4100000)
 ParOldGen       total 51200K, used 10324K [0x0000000080c00000, 0x0000000083e00000, 0x00000000d5980000)
  object space 51200K, 20% used [0x0000000080c00000,0x0000000081615080,0x0000000083e00000)
 Metaspace       used 33299K, capacity 35384K, committed 35496K, reserved 1079296K
  class space    used 4630K, capacity 5036K, committed 5120K, reserved 1048576K
Event: 9.880 GC heap after
Heap after GC invocations=10 (full 1):
 PSYoungGen      total 237056K, used 10620K [0x00000000d5980000, 0x00000000eb380000, 0x0000000100000000)
  eden space 223232K, 0% used [0x00000000d5980000,0x00000000d5980000,0x00000000e3380000)
  from space 13824K, 76% used [0x00000000e3380000,0x00000000e3ddf108,0x00000000e4100000)
  to   space 14848K, 0% used [0x00000000ea500000,0x00000000ea500000,0x00000000eb380000)
 ParOldGen       total 51200K, used 11251K [0x0000000080c00000, 0x0000000083e00000, 0x00000000d5980000)
  object space 51200K, 21% used [0x0000000080c00000,0x00000000816fcea8,0x0000000083e00000)
 Metaspace       used 33299K, capacity 35384K, committed 35496K, reserved 1079296K
  class space    used 4630K, capacity 5036K, committed 5120K, reserved 1048576K
}
Event: 9.880 GC heap before
{Heap before GC invocations=11 (full 2):
 PSYoungGen      total 237056K, used 10620K [0x00000000d5980000, 0x00000000eb380000, 0x0000000100000000)
  eden space 223232K, 0% used [0x00000000d5980000,0x00000000d5980000,0x00000000e3380000)
  from space 13824K, 76% used [0x00000000e3380000,0x00000000e3ddf108,0x00000000e4100000)
  to   space 14848K, 0% used [0x00000000ea500000,0x00000000ea500000,0x00000000eb380000)
 ParOldGen       total 51200K, used 11251K [0x0000000080c00000, 0x0000000083e00000, 0x00000000d5980000)
  object space 51200K, 21% used [0x0000000080c00000,0x00000000816fcea8,0x0000000083e00000)
 Metaspace       used 33299K, capacity 35384K, committed 35496K, reserved 1079296K
  class space    used 4630K, capacity 5036K, committed 5120K, reserved 1048576K
Event: 9.955 GC heap after
Heap after GC invocations=11 (full 2):
 PSYoungGen      total 237056K, used 0K [0x00000000d5980000, 0x00000000eb380000, 0x0000000100000000)
  eden space 223232K, 0% used [0x00000000d5980000,0x00000000d5980000,0x00000000e3380000)
  from space 13824K, 0% used [0x00000000e3380000,0x00000000e3380000,0x00000000e4100000)
  to   space 14848K, 0% used [0x00000000ea500000,0x00000000ea500000,0x00000000eb380000)
 ParOldGen       total 70656K, used 16055K [0x0000000080c00000, 0x0000000085100000, 0x00000000d5980000)
  object space 70656K, 22% used [0x0000000080c00000,0x0000000081badcd8,0x0000000085100000)
 Metaspace       used 33299K, capacity 35384K, committed 35496K, reserved 1079296K
  class space    used 4630K, capacity 5036K, committed 5120K, reserved 1048576K
}
Event: 16.585 GC heap before
{Heap before GC invocations=12 (full 2):
 PSYoungGen      total 237056K, used 223232K [0x00000000d5980000, 0x00000000eb380000, 0x0000000100000000)
  eden space 223232K, 100% used [0x00000000d5980000,0x00000000e3380000,0x00000000e3380000)
  from space 13824K, 0% used [0x00000000e3380000,0x00000000e3380000,0x00000000e4100000)
  to   space 14848K, 0% used [0x00000000ea500000,0x00000000ea500000,0x00000000eb380000)
 ParOldGen       total 70656K, used 16055K [0x0000000080c00000, 0x0000000085100000, 0x00000000d5980000)
  object space 70656K, 22% used [0x0000000080c00000,0x0000000081badcd8,0x0000000085100000)
 Metaspace       used 49905K, capacity 52744K, committed 52992K, reserved 1095680K
  class space    used 7118K, capacity 7646K, committed 7680K, reserved 1048576K
Event: 16.606 GC heap after
Heap after GC invocations=12 (full 2):
 PSYoungGen      total 318464K, used 14846K [0x00000000d5980000, 0x00000000eb380000, 0x0000000100000000)
  eden space 303616K, 0% used [0x00000000d5980000,0x00000000d5980000,0x00000000e8200000)
  from space 14848K, 99% used [0x00000000ea500000,0x00000000eb37fba0,0x00000000eb380000)
  to   space 18432K, 0% used [0x00000000e8f80000,0x00000000e8f80000,0x00000000ea180000)
 ParOldGen       total 70656K, used 20689K [0x0000000080c00000, 0x0000000085100000, 0x00000000d5980000)
  object space 70656K, 29% used [0x0000000080c00000,0x00000000820347f8,0x0000000085100000)
 Metaspace       used 49905K, capacity 52744K, committed 52992K, reserved 1095680K
  class space    used 7118K, capacity 7646K, committed 7680K, reserved 1048576K
}
Event: 17.743 GC heap before
{Heap before GC invocations=13 (full 2):
 PSYoungGen      total 318464K, used 62982K [0x00000000d5980000, 0x00000000eb380000, 0x0000000100000000)
  eden space 303616K, 15% used [0x00000000d5980000,0x00000000d8881f70,0x00000000e8200000)
  from space 14848K, 99% used [0x00000000ea500000,0x00000000eb37fba0,0x00000000eb380000)
  to   space 18432K, 0% used [0x00000000e8f80000,0x00000000e8f80000,0x00000000ea180000)
 ParOldGen       total 70656K, used 20689K [0x0000000080c00000, 0x0000000085100000, 0x00000000d5980000)
  object space 70656K, 29% used [0x0000000080c00000,0x00000000820347f8,0x0000000085100000)
 Metaspace       used 52411K, capacity 55698K, committed 55808K, reserved 1101824K
  class space    used 7515K, capacity 8085K, committed 8192K, reserved 1048576K
Event: 17.752 GC heap after
Heap after GC invocations=13 (full 2):
 PSYoungGen      total 322048K, used 4707K [0x00000000d5980000, 0x00000000eb380000, 0x0000000100000000)
  eden space 303616K, 0% used [0x00000000d5980000,0x00000000d5980000,0x00000000e8200000)
  from space 18432K, 25% used [0x00000000e8f80000,0x00000000e9418c68,0x00000000ea180000)
  to   space 14848K, 0% used [0x00000000ea500000,0x00000000ea500000,0x00000000eb380000)
 ParOldGen       total 70656K, used 27191K [0x0000000080c00000, 0x0000000085100000, 0x00000000d5980000)
  object space 70656K, 38% used [0x0000000080c00000,0x000000008268dc08,0x0000000085100000)
 Metaspace       used 52411K, capacity 55698K, committed 55808K, reserved 1101824K
  class space    used 7515K, capacity 8085K, committed 8192K, reserved 1048576K
}
Event: 17.752 GC heap before
{Heap before GC invocations=14 (full 3):
 PSYoungGen      total 322048K, used 4707K [0x00000000d5980000, 0x00000000eb380000, 0x0000000100000000)
  eden space 303616K, 0% used [0x00000000d5980000,0x00000000d5980000,0x00000000e8200000)
  from space 18432K, 25% used [0x00000000e8f80000,0x00000000e9418c68,0x00000000ea180000)
  to   space 14848K, 0% used [0x00000000ea500000,0x00000000ea500000,0x00000000eb380000)
 ParOldGen       total 70656K, used 27191K [0x0000000080c00000, 0x0000000085100000, 0x00000000d5980000)
  object space 70656K, 38% used [0x0000000080c00000,0x000000008268dc08,0x0000000085100000)
 Metaspace       used 52411K, capacity 55698K, committed 55808K, reserved 1101824K
  class space    used 7515K, capacity 8085K, committed 8192K, reserved 1048576K
Event: 17.934 GC heap after
Heap after GC invocations=14 (full 3):
 PSYoungGen      total 322048K, used 0K [0x00000000d5980000, 0x00000000eb380000, 0x0000000100000000)
  eden space 303616K, 0% used [0x00000000d5980000,0x00000000d5980000,0x00000000e8200000)
  from space 18432K, 0% used [0x00000000e8f80000,0x00000000e8f80000,0x00000000ea180000)
  to   space 14848K, 0% used [0x00000000ea500000,0x00000000ea500000,0x00000000eb380000)
 ParOldGen       total 70656K, used 24089K [0x0000000080c00000, 0x0000000085100000, 0x00000000d5980000)
  object space 70656K, 34% used [0x0000000080c00000,0x00000000823867f0,0x0000000085100000)
 Metaspace       used 52411K, capacity 55698K, committed 55808K, reserved 1099776K
  class space    used 7515K, capacity 8085K, committed 8192K, reserved 1048576K
}

