# JRE version: Java(TM) SE Runtime Environment (8.0_241-b07) (build 1.8.0_241-b07)
# Java VM: Java HotSpot(TM) 64-Bit Server VM (25.241-b07 mixed mode windows-amd64 compressed oops)
Heap:
 PSYoungGen      total 281088K, used 217491K [0x000000076bb00000, 0x000000077e880000, 0x00000007c0000000)
  eden space 266752K, 81% used [0x000000076bb00000,0x0000000778f64f58,0x000000077bf80000)
  from space 14336K, 0% used [0x000000077da80000,0x000000077da80000,0x000000077e880000)
  to   space 20992K, 0% used [0x000000077bf80000,0x000000077bf80000,0x000000077d400000)
 ParOldGen       total 229376K, used 27310K [0x00000006c3000000, 0x00000006d1000000, 0x000000076bb00000)
  object space 229376K, 11% used [0x00000006c3000000,0x00000006c4aab970,0x00000006d1000000)
 Metaspace       used 60982K, capacity 65265K, committed 65496K, reserved 1105920K
  class space    used 8578K, capacity 9349K, committed 9472K, reserved 1048576K
GC Heap History (10 events):
Event: 3.837 GC heap before
{Heap before GC invocations=10 (full 2):
 PSYoungGen      total 163328K, used 148480K [0x000000076bb00000, 0x000000077b780000, 0x00000007c0000000)
  eden space 148480K, 100% used [0x000000076bb00000,0x0000000774c00000,0x0000000774c00000)
  from space 14848K, 0% used [0x0000000774c00000,0x0000000774c00000,0x0000000775a80000)
  to   space 15872K, 0% used [0x000000077a800000,0x000000077a800000,0x000000077b780000)
 ParOldGen       total 159232K, used 16779K [0x00000006c3000000, 0x00000006ccb80000, 0x000000076bb00000)
  object space 159232K, 10% used [0x00000006c3000000,0x00000006c4062f00,0x00000006ccb80000)
 Metaspace       used 46699K, capacity 49130K, committed 49280K, reserved 1091584K
  class space    used 6502K, capacity 6997K, committed 7040K, reserved 1048576K
Event: 3.846 GC heap after
Heap after GC invocations=10 (full 2):
 PSYoungGen      total 230912K, used 15844K [0x000000076bb00000, 0x000000077b780000, 0x00000007c0000000)
  eden space 215040K, 0% used [0x000000076bb00000,0x000000076bb00000,0x0000000778d00000)
  from space 15872K, 99% used [0x000000077a800000,0x000000077b779108,0x000000077b780000)
  to   space 18432K, 0% used [0x0000000779380000,0x0000000779380000,0x000000077a580000)
 ParOldGen       total 159232K, used 17060K [0x00000006c3000000, 0x00000006ccb80000, 0x000000076bb00000)
  object space 159232K, 10% used [0x00000006c3000000,0x00000006c40a9288,0x00000006ccb80000)
 Metaspace       used 46699K, capacity 49130K, committed 49280K, reserved 1091584K
  class space    used 6502K, capacity 6997K, committed 7040K, reserved 1048576K
}
Event: 4.717 GC heap before
{Heap before GC invocations=11 (full 2):
 PSYoungGen      total 230912K, used 154277K [0x000000076bb00000, 0x000000077b780000, 0x00000007c0000000)
  eden space 215040K, 64% used [0x000000076bb00000,0x0000000774230370,0x0000000778d00000)
  from space 15872K, 99% used [0x000000077a800000,0x000000077b779108,0x000000077b780000)
  to   space 18432K, 0% used [0x0000000779380000,0x0000000779380000,0x000000077a580000)
 ParOldGen       total 159232K, used 17060K [0x00000006c3000000, 0x00000006ccb80000, 0x000000076bb00000)
  object space 159232K, 10% used [0x00000006c3000000,0x00000006c40a9288,0x00000006ccb80000)
 Metaspace       used 55590K, capacity 59075K, committed 59096K, reserved 1099776K
  class space    used 7812K, capacity 8427K, committed 8448K, reserved 1048576K
Event: 4.733 GC heap after
Heap after GC invocations=11 (full 2):
 PSYoungGen      total 240128K, used 18198K [0x000000076bb00000, 0x000000077ef00000, 0x00000007c0000000)
  eden space 221696K, 0% used [0x000000076bb00000,0x000000076bb00000,0x0000000779380000)
  from space 18432K, 98% used [0x0000000779380000,0x000000077a5459e8,0x000000077a580000)
  to   space 20992K, 0% used [0x000000077da80000,0x000000077da80000,0x000000077ef00000)
 ParOldGen       total 159232K, used 17068K [0x00000006c3000000, 0x00000006ccb80000, 0x000000076bb00000)
  object space 159232K, 10% used [0x00000006c3000000,0x00000006c40ab288,0x00000006ccb80000)
 Metaspace       used 55590K, capacity 59075K, committed 59096K, reserved 1099776K
  class space    used 7812K, capacity 8427K, committed 8448K, reserved 1048576K
}
Event: 4.733 GC heap before
{Heap before GC invocations=12 (full 3):
 PSYoungGen      total 240128K, used 18198K [0x000000076bb00000, 0x000000077ef00000, 0x00000007c0000000)
  eden space 221696K, 0% used [0x000000076bb00000,0x000000076bb00000,0x0000000779380000)
  from space 18432K, 98% used [0x0000000779380000,0x000000077a5459e8,0x000000077a580000)
  to   space 20992K, 0% used [0x000000077da80000,0x000000077da80000,0x000000077ef00000)
 ParOldGen       total 159232K, used 17068K [0x00000006c3000000, 0x00000006ccb80000, 0x000000076bb00000)
  object space 159232K, 10% used [0x00000006c3000000,0x00000006c40ab288,0x00000006ccb80000)
 Metaspace       used 55590K, capacity 59075K, committed 59096K, reserved 1099776K
  class space    used 7812K, capacity 8427K, committed 8448K, reserved 1048576K
Event: 4.849 GC heap after
Heap after GC invocations=12 (full 3):
 PSYoungGen      total 240128K, used 0K [0x000000076bb00000, 0x000000077ef00000, 0x00000007c0000000)
  eden space 221696K, 0% used [0x000000076bb00000,0x000000076bb00000,0x0000000779380000)
  from space 18432K, 0% used [0x0000000779380000,0x0000000779380000,0x000000077a580000)
  to   space 20992K, 0% used [0x000000077da80000,0x000000077da80000,0x000000077ef00000)
 ParOldGen       total 229376K, used 29779K [0x00000006c3000000, 0x00000006d1000000, 0x000000076bb00000)
  object space 229376K, 12% used [0x00000006c3000000,0x00000006c4d14d80,0x00000006d1000000)
 Metaspace       used 55590K, capacity 59075K, committed 59096K, reserved 1099776K
  class space    used 7812K, capacity 8427K, committed 8448K, reserved 1048576K
}
Event: 106.272 GC heap before
{Heap before GC invocations=13 (full 3):
 PSYoungGen      total 240128K, used 102718K [0x000000076bb00000, 0x000000077ef00000, 0x00000007c0000000)
  eden space 221696K, 46% used [0x000000076bb00000,0x0000000771f4f9f0,0x0000000779380000)
  from space 18432K, 0% used [0x0000000779380000,0x0000000779380000,0x000000077a580000)
  to   space 20992K, 0% used [0x000000077da80000,0x000000077da80000,0x000000077ef00000)
 ParOldGen       total 229376K, used 29779K [0x00000006c3000000, 0x00000006d1000000, 0x000000076bb00000)
  object space 229376K, 12% used [0x00000006c3000000,0x00000006c4d14d80,0x00000006d1000000)
 Metaspace       used 60483K, capacity 64537K, committed 64856K, reserved 1105920K
  class space    used 8529K, capacity 9261K, committed 9344K, reserved 1048576K
Event: 106.278 GC heap after
Heap after GC invocations=13 (full 3):
 PSYoungGen      total 281088K, used 5472K [0x000000076bb00000, 0x000000077e880000, 0x00000007c0000000)
  eden space 266752K, 0% used [0x000000076bb00000,0x000000076bb00000,0x000000077bf80000)
  from space 14336K, 38% used [0x000000077da80000,0x000000077dfd80a8,0x000000077e880000)
  to   space 20992K, 0% used [0x000000077bf80000,0x000000077bf80000,0x000000077d400000)
 ParOldGen       total 229376K, used 29787K [0x00000006c3000000, 0x00000006d1000000, 0x000000076bb00000)
  object space 229376K, 12% used [0x00000006c3000000,0x00000006c4d16d80,0x00000006d1000000)
 Metaspace       used 60483K, capacity 64537K, committed 64856K, reserved 1105920K
  class space    used 8529K, capacity 9261K, committed 9344K, reserved 1048576K
}
Event: 106.278 GC heap before
{Heap before GC invocations=14 (full 4):
 PSYoungGen      total 281088K, used 5472K [0x000000076bb00000, 0x000000077e880000, 0x00000007c0000000)
  eden space 266752K, 0% used [0x000000076bb00000,0x000000076bb00000,0x000000077bf80000)
  from space 14336K, 38% used [0x000000077da80000,0x000000077dfd80a8,0x000000077e880000)
  to   space 20992K, 0% used [0x000000077bf80000,0x000000077bf80000,0x000000077d400000)
 ParOldGen       total 229376K, used 29787K [0x00000006c3000000, 0x00000006d1000000, 0x000000076bb00000)
  object space 229376K, 12% used [0x00000006c3000000,0x00000006c4d16d80,0x00000006d1000000)
 Metaspace       used 60483K, capacity 64537K, committed 64856K, reserved 1105920K
  class space    used 8529K, capacity 9261K, committed 9344K, reserved 1048576K
Event: 106.464 GC heap after
Heap after GC invocations=14 (full 4):
 PSYoungGen      total 281088K, used 0K [0x000000076bb00000, 0x000000077e880000, 0x00000007c0000000)
  eden space 266752K, 0% used [0x000000076bb00000,0x000000076bb00000,0x000000077bf80000)
  from space 14336K, 0% used [0x000000077da80000,0x000000077da80000,0x000000077e880000)
  to   space 20992K, 0% used [0x000000077bf80000,0x000000077bf80000,0x000000077d400000)
 ParOldGen       total 229376K, used 27310K [0x00000006c3000000, 0x00000006d1000000, 0x000000076bb00000)
  object space 229376K, 11% used [0x00000006c3000000,0x00000006c4aab970,0x00000006d1000000)
 Metaspace       used 60483K, capacity 64537K, committed 64856K, reserved 1105920K
  class space    used 8529K, capacity 9261K, committed 9344K, reserved 1048576K
}

