# JRE version: Java(TM) SE Runtime Environment (8.0_241-b07) (build 1.8.0_241-b07)
# Java VM: Java HotSpot(TM) 64-Bit Server VM (25.241-b07 mixed mode windows-amd64 compressed oops)
Heap:
 PSYoungGen      total 340992K, used 153621K [0x00000000d5980000, 0x00000000f2a00000, 0x0000000100000000)
  eden space 322048K, 47% used [0x00000000d5980000,0x00000000def854a0,0x00000000e9400000)
  from space 18944K, 0% used [0x00000000e9400000,0x00000000e9400000,0x00000000ea680000)
  to   space 19456K, 0% used [0x00000000f1700000,0x00000000f1700000,0x00000000f2a00000)
 ParOldGen       total 99328K, used 31392K [0x0000000080c00000, 0x0000000086d00000, 0x00000000d5980000)
  object space 99328K, 31% used [0x0000000080c00000,0x0000000082aa80b8,0x0000000086d00000)
 Metaspace       used 65157K, capacity 69137K, committed 69504K, reserved 1107968K
  class space    used 10294K, capacity 11035K, committed 11136K, reserved 1048576K
GC Heap History (10 events):
Event: 11.241 GC heap before
{Heap before GC invocations=10 (full 1):
 PSYoungGen      total 237568K, used 46188K [0x00000000d5980000, 0x00000000e5180000, 0x0000000100000000)
  eden space 225280K, 15% used [0x00000000d5980000,0x00000000d7cab1a8,0x00000000e3580000)
  from space 12288K, 82% used [0x00000000e4580000,0x00000000e4f701e8,0x00000000e5180000)
  to   space 14336K, 0% used [0x00000000e3580000,0x00000000e3580000,0x00000000e4380000)
 ParOldGen       total 51200K, used 10194K [0x0000000080c00000, 0x0000000083e00000, 0x00000000d5980000)
  object space 51200K, 19% used [0x0000000080c00000,0x00000000815f4bd8,0x0000000083e00000)
 Metaspace       used 33165K, capacity 35290K, committed 35416K, reserved 1079296K
  class space    used 4612K, capacity 5041K, committed 5120K, reserved 1048576K
Event: 11.250 GC heap after
Heap after GC invocations=10 (full 1):
 PSYoungGen      total 239616K, used 10388K [0x00000000d5980000, 0x00000000eb900000, 0x0000000100000000)
  eden space 225280K, 0% used [0x00000000d5980000,0x00000000d5980000,0x00000000e3580000)
  from space 14336K, 72% used [0x00000000e3580000,0x00000000e3fa51b0,0x00000000e4380000)
  to   space 14848K, 0% used [0x00000000eaa80000,0x00000000eaa80000,0x00000000eb900000)
 ParOldGen       total 51200K, used 11138K [0x0000000080c00000, 0x0000000083e00000, 0x00000000d5980000)
  object space 51200K, 21% used [0x0000000080c00000,0x00000000816e0a00,0x0000000083e00000)
 Metaspace       used 33165K, capacity 35290K, committed 35416K, reserved 1079296K
  class space    used 4612K, capacity 5041K, committed 5120K, reserved 1048576K
}
Event: 11.250 GC heap before
{Heap before GC invocations=11 (full 2):
 PSYoungGen      total 239616K, used 10388K [0x00000000d5980000, 0x00000000eb900000, 0x0000000100000000)
  eden space 225280K, 0% used [0x00000000d5980000,0x00000000d5980000,0x00000000e3580000)
  from space 14336K, 72% used [0x00000000e3580000,0x00000000e3fa51b0,0x00000000e4380000)
  to   space 14848K, 0% used [0x00000000eaa80000,0x00000000eaa80000,0x00000000eb900000)
 ParOldGen       total 51200K, used 11138K [0x0000000080c00000, 0x0000000083e00000, 0x00000000d5980000)
  object space 51200K, 21% used [0x0000000080c00000,0x00000000816e0a00,0x0000000083e00000)
 Metaspace       used 33165K, capacity 35290K, committed 35416K, reserved 1079296K
  class space    used 4612K, capacity 5041K, committed 5120K, reserved 1048576K
Event: 11.301 GC heap after
Heap after GC invocations=11 (full 2):
 PSYoungGen      total 239616K, used 0K [0x00000000d5980000, 0x00000000eb900000, 0x0000000100000000)
  eden space 225280K, 0% used [0x00000000d5980000,0x00000000d5980000,0x00000000e3580000)
  from space 14336K, 0% used [0x00000000e3580000,0x00000000e3580000,0x00000000e4380000)
  to   space 14848K, 0% used [0x00000000eaa80000,0x00000000eaa80000,0x00000000eb900000)
 ParOldGen       total 67072K, used 15873K [0x0000000080c00000, 0x0000000084d80000, 0x00000000d5980000)
  object space 67072K, 23% used [0x0000000080c00000,0x0000000081b80480,0x0000000084d80000)
 Metaspace       used 33165K, capacity 35290K, committed 35416K, reserved 1079296K
  class space    used 4612K, capacity 5041K, committed 5120K, reserved 1048576K
}
Event: 15.502 GC heap before
{Heap before GC invocations=12 (full 2):
 PSYoungGen      total 239616K, used 225280K [0x00000000d5980000, 0x00000000eb900000, 0x0000000100000000)
  eden space 225280K, 100% used [0x00000000d5980000,0x00000000e3580000,0x00000000e3580000)
  from space 14336K, 0% used [0x00000000e3580000,0x00000000e3580000,0x00000000e4380000)
  to   space 14848K, 0% used [0x00000000eaa80000,0x00000000eaa80000,0x00000000eb900000)
 ParOldGen       total 67072K, used 15873K [0x0000000080c00000, 0x0000000084d80000, 0x00000000d5980000)
  object space 67072K, 23% used [0x0000000080c00000,0x0000000081b80480,0x0000000084d80000)
 Metaspace       used 49947K, capacity 52782K, committed 52992K, reserved 1095680K
  class space    used 7130K, capacity 7679K, committed 7680K, reserved 1048576K
Event: 15.517 GC heap after
Heap after GC invocations=12 (full 2):
 PSYoungGen      total 331776K, used 14841K [0x00000000d5980000, 0x00000000eb900000, 0x0000000100000000)
  eden space 316928K, 0% used [0x00000000d5980000,0x00000000d5980000,0x00000000e8f00000)
  from space 14848K, 99% used [0x00000000eaa80000,0x00000000eb8fe6c0,0x00000000eb900000)
  to   space 18944K, 0% used [0x00000000e9400000,0x00000000e9400000,0x00000000ea680000)
 ParOldGen       total 67072K, used 20804K [0x0000000080c00000, 0x0000000084d80000, 0x00000000d5980000)
  object space 67072K, 31% used [0x0000000080c00000,0x00000000820511f0,0x0000000084d80000)
 Metaspace       used 49947K, capacity 52782K, committed 52992K, reserved 1095680K
  class space    used 7130K, capacity 7679K, committed 7680K, reserved 1048576K
}
Event: 19.154 GC heap before
{Heap before GC invocations=13 (full 2):
 PSYoungGen      total 331776K, used 148578K [0x00000000d5980000, 0x00000000eb900000, 0x0000000100000000)
  eden space 316928K, 42% used [0x00000000d5980000,0x00000000ddc1a178,0x00000000e8f00000)
  from space 14848K, 99% used [0x00000000eaa80000,0x00000000eb8fe6c0,0x00000000eb900000)
  to   space 18944K, 0% used [0x00000000e9400000,0x00000000e9400000,0x00000000ea680000)
 ParOldGen       total 67072K, used 20804K [0x0000000080c00000, 0x0000000084d80000, 0x00000000d5980000)
  object space 67072K, 31% used [0x0000000080c00000,0x00000000820511f0,0x0000000084d80000)
 Metaspace       used 55502K, capacity 58956K, committed 59008K, reserved 1099776K
  class space    used 7916K, capacity 8537K, committed 8576K, reserved 1048576K
Event: 19.168 GC heap after
Heap after GC invocations=13 (full 2):
 PSYoungGen      total 340992K, used 13369K [0x00000000d5980000, 0x00000000f2a00000, 0x0000000100000000)
  eden space 322048K, 0% used [0x00000000d5980000,0x00000000d5980000,0x00000000e9400000)
  from space 18944K, 70% used [0x00000000e9400000,0x00000000ea10e768,0x00000000ea680000)
  to   space 19456K, 0% used [0x00000000f1700000,0x00000000f1700000,0x00000000f2a00000)
 ParOldGen       total 67072K, used 27157K [0x0000000080c00000, 0x0000000084d80000, 0x00000000d5980000)
  object space 67072K, 40% used [0x0000000080c00000,0x00000000826855f0,0x0000000084d80000)
 Metaspace       used 55502K, capacity 58956K, committed 59008K, reserved 1099776K
  class space    used 7916K, capacity 8537K, committed 8576K, reserved 1048576K
}
Event: 19.168 GC heap before
{Heap before GC invocations=14 (full 3):
 PSYoungGen      total 340992K, used 13369K [0x00000000d5980000, 0x00000000f2a00000, 0x0000000100000000)
  eden space 322048K, 0% used [0x00000000d5980000,0x00000000d5980000,0x00000000e9400000)
  from space 18944K, 70% used [0x00000000e9400000,0x00000000ea10e768,0x00000000ea680000)
  to   space 19456K, 0% used [0x00000000f1700000,0x00000000f1700000,0x00000000f2a00000)
 ParOldGen       total 67072K, used 27157K [0x0000000080c00000, 0x0000000084d80000, 0x00000000d5980000)
  object space 67072K, 40% used [0x0000000080c00000,0x00000000826855f0,0x0000000084d80000)
 Metaspace       used 55502K, capacity 58956K, committed 59008K, reserved 1099776K
  class space    used 7916K, capacity 8537K, committed 8576K, reserved 1048576K
Event: 19.329 GC heap after
Heap after GC invocations=14 (full 3):
 PSYoungGen      total 340992K, used 0K [0x00000000d5980000, 0x00000000f2a00000, 0x0000000100000000)
  eden space 322048K, 0% used [0x00000000d5980000,0x00000000d5980000,0x00000000e9400000)
  from space 18944K, 0% used [0x00000000e9400000,0x00000000e9400000,0x00000000ea680000)
  to   space 19456K, 0% used [0x00000000f1700000,0x00000000f1700000,0x00000000f2a00000)
 ParOldGen       total 99328K, used 31392K [0x0000000080c00000, 0x0000000086d00000, 0x00000000d5980000)
  object space 99328K, 31% used [0x0000000080c00000,0x0000000082aa80b8,0x0000000086d00000)
 Metaspace       used 55502K, capacity 58956K, committed 59008K, reserved 1099776K
  class space    used 7916K, capacity 8537K, committed 8576K, reserved 1048576K
}

